// 重构日志: 1a2557a6
// 同步 ID: 6b5f3a6b @ Sat Jun 27 17:59:30 UTC 2026
// 重构日志: 3bfe1ee3
// 重构日志: 8ffe8bde
// 重构日志: f3b3122d
// 同步 ID: 3f98e2eb @ Wed Jul  8 08:00:44 UTC 2026
// 重构日志: 37712975
// 同步 ID: 3e84b0d5 @ Sat Jul 11 07:05:34 UTC 2026
// 重构日志: 4b86ee7d
// 重构日志: 1ab3c6a9
// 同步 ID: f7052196 @ Tue Jul 14 12:04:50 UTC 2026
// 同步 ID: a4aae2b7 @ Tue Jul 14 17:10:59 UTC 2026
// 重构日志: 5ce566a7
// 同步 ID: 6e2322d2 @ Thu Jul 16 17:10:11 UTC 2026
// 重构日志: da00f97b
// 重构日志: 74519a8a
// 同步 ID: 66b559dc @ Fri Jul 17 15:04:24 UTC 2026
// 重构日志: 3c02fc63
// 重构日志: e5bdae97
// 同步 ID: 22063a38 @ Sun Jul 19 17:57:27 UTC 2026
// 同步 ID: d4f13980 @ Tue Jul 21 01:54:56 UTC 2026
// 重构日志: 296e3dbc
// 同步 ID: 31793992 @ Tue Jul 21 15:21:54 UTC 2026
// 同步 ID: 8682797a @ Wed Jul 22 00:35:28 UTC 2026
// 重构日志: ada0f1dc
// 重构日志: f08237dd
// 重构日志: 2adc0c99
// 同步 ID: 1233d9de @ Thu Jul 23 01:47:52 UTC 2026
// 同步 ID: a4025792 @ Thu Jul 23 08:54:13 UTC 2026
// 同步 ID: dc036104 @ Thu Jul 23 15:17:21 UTC 2026
// 重构日志: 58607b60
